# JRE version: OpenJDK Runtime Environment (11.0.10) (build 11.0.10+0-b96-7249189)
# Java VM: OpenJDK 64-Bit Server VM (11.0.10+0-b96-7249189, mixed mode, tiered, compressed oops, g1 gc, windows-amd64)
Heap:
 garbage-first heap   total 307200K, used 130683K [0x0000000706600000, 0x0000000800000000)
  region size 1024K, 94 young (96256K), 11 survivors (11264K)
 Metaspace       used 68444K, capacity 69292K, committed 69376K, reserved 1112064K
  class space    used 7777K, capacity 8111K, committed 8192K, reserved 1048576K
GC Heap History (12 events):
Event: 1.298 GC heap before
{Heap before GC invocations=0 (full 0):
 garbage-first heap   total 256000K, used 27648K [0x0000000706600000, 0x0000000800000000)
  region size 1024K, 24 young (24576K), 0 survivors (0K)
 Metaspace       used 12304K, capacity 12341K, committed 12544K, reserved 1060864K
  class space    used 1157K, capacity 1174K, committed 1280K, reserved 1048576K
}
Event: 1.304 GC heap after
{Heap after GC invocations=1 (full 0):
 garbage-first heap   total 256000K, used 5930K [0x0000000706600000, 0x0000000800000000)
  region size 1024K, 3 young (3072K), 3 survivors (3072K)
 Metaspace       used 12304K, capacity 12341K, committed 12544K, reserved 1060864K
  class space    used 1157K, capacity 1174K, committed 1280K, reserved 1048576K
}
Event: 2.883 GC heap before
{Heap before GC invocations=1 (full 0):
 garbage-first heap   total 256000K, used 42794K [0x0000000706600000, 0x0000000800000000)
  region size 1024K, 40 young (40960K), 3 survivors (3072K)
 Metaspace       used 20996K, capacity 21166K, committed 21248K, reserved 1069056K
  class space    used 2216K, capacity 2284K, committed 2304K, reserved 1048576K
}
Event: 2.907 GC heap after
{Heap after GC invocations=2 (full 0):
 garbage-first heap   total 256000K, used 9507K [0x0000000706600000, 0x0000000800000000)
  region size 1024K, 7 young (7168K), 7 survivors (7168K)
 Metaspace       used 20996K, capacity 21166K, committed 21248K, reserved 1069056K
  class space    used 2216K, capacity 2284K, committed 2304K, reserved 1048576K
}
Event: 5.258 GC heap before
{Heap before GC invocations=3 (full 0):
 garbage-first heap   total 256000K, used 71971K [0x0000000706600000, 0x0000000800000000)
  region size 1024K, 56 young (57344K), 7 survivors (7168K)
 Metaspace       used 31474K, capacity 31997K, committed 32128K, reserved 1077248K
  class space    used 3910K, capacity 4120K, committed 4224K, reserved 1048576K
}
Event: 5.283 GC heap after
{Heap after GC invocations=4 (full 0):
 garbage-first heap   total 256000K, used 24289K [0x0000000706600000, 0x0000000800000000)
  region size 1024K, 7 young (7168K), 7 survivors (7168K)
 Metaspace       used 31474K, capacity 31997K, committed 32128K, reserved 1077248K
  class space    used 3910K, capacity 4120K, committed 4224K, reserved 1048576K
}
Event: 5.965 GC heap before
{Heap before GC invocations=4 (full 0):
 garbage-first heap   total 256000K, used 41697K [0x0000000706600000, 0x0000000800000000)
  region size 1024K, 25 young (25600K), 7 survivors (7168K)
 Metaspace       used 35248K, capacity 35758K, committed 35840K, reserved 1081344K
  class space    used 4344K, capacity 4542K, committed 4608K, reserved 1048576K
}
Event: 5.979 GC heap after
{Heap after GC invocations=5 (full 0):
 garbage-first heap   total 256000K, used 23368K [0x0000000706600000, 0x0000000800000000)
  region size 1024K, 8 young (8192K), 8 survivors (8192K)
 Metaspace       used 35248K, capacity 35758K, committed 35840K, reserved 1081344K
  class space    used 4344K, capacity 4542K, committed 4608K, reserved 1048576K
}
Event: 9.410 GC heap before
{Heap before GC invocations=6 (full 0):
 garbage-first heap   total 256000K, used 132936K [0x0000000706600000, 0x0000000800000000)
  region size 1024K, 112 young (114688K), 8 survivors (8192K)
 Metaspace       used 51411K, capacity 52081K, committed 52352K, reserved 1095680K
  class space    used 5992K, capacity 6219K, committed 6272K, reserved 1048576K
}
Event: 9.443 GC heap after
{Heap after GC invocations=7 (full 0):
 garbage-first heap   total 256000K, used 36352K [0x0000000706600000, 0x0000000800000000)
  region size 1024K, 13 young (13312K), 13 survivors (13312K)
 Metaspace       used 51411K, capacity 52081K, committed 52352K, reserved 1095680K
  class space    used 5992K, capacity 6219K, committed 6272K, reserved 1048576K
}
Event: 12.518 GC heap before
{Heap before GC invocations=7 (full 0):
 garbage-first heap   total 256000K, used 114176K [0x0000000706600000, 0x0000000800000000)
  region size 1024K, 90 young (92160K), 13 survivors (13312K)
 Metaspace       used 59314K, capacity 60047K, committed 60160K, reserved 1101824K
  class space    used 6921K, capacity 7231K, committed 7296K, reserved 1048576K
}
Event: 12.639 GC heap after
{Heap after GC invocations=8 (full 0):
 garbage-first heap   total 307200K, used 46715K [0x0000000706600000, 0x0000000800000000)
  region size 1024K, 11 young (11264K), 11 survivors (11264K)
 Metaspace       used 59314K, capacity 60047K, committed 60160K, reserved 1101824K
  class space    used 6921K, capacity 7231K, committed 7296K, reserved 1048576K
}

